2021-02-02 10:47:01 [192.168.100.70][-][-][warning][yii\debug\Module::checkAccess] Access to debugger is denied due to IP address restriction. The requesting IP address is 192.168.100.70
    in F:\xampp\htdocs\inlislite3\keanggotaan\views\layouts\login.php:107
    in F:\xampp\htdocs\inlislite3\keanggotaan\controllers\SiteController.php:119
2021-02-02 10:47:01 [192.168.100.70][-][-][info][application] $_COOKIE = [
    'PHPSESSID' => 'dag52qbjrtn40c1l5cgakccpmr'
    'killme' => 'dont'
    '_csrf' => 'a40f40c3dd7b3306df9b81b18b99038b72b2de37f3438c823066555b34240a92a:2:{i:0;s:5:\"_csrf\";i:1;s:32:\"VQl_S1jeh9sd4V9Us00uCFMC3uUTLlI7\";}'
    '_backendInlislite' => '1132ac6aa45fa998cfa85f2becea281b17e1f9c089ad2405c9c3535840f48b04a:2:{i:0;s:17:\"_backendInlislite\";i:1;s:32:\"GF3wDfRP2qj4Rk8KIMYrylnUxa5KMM6A\";}'
    'backendSession' => 'c26i510vn2e6a090t4hpmi6hs4'
    '_identity' => 'af3e2a0e951dec577795a0c5ffd91cd682a11d709a13aa959f261807f7b4af33a:2:{i:0;s:9:\"_identity\";i:1;s:17:\"[33,null,2592000]\";}'
]

$_SESSION = [
    '__flash' => []
]

$_SERVER = [
    'REDIRECT_MIBDIRS' => 'F:/xampp/php/extras/mibs'
    'REDIRECT_MYSQL_HOME' => '\\xampp\\mysql\\bin'
    'REDIRECT_OPENSSL_CONF' => 'F:/xampp/apache/bin/openssl.cnf'
    'REDIRECT_PHP_PEAR_SYSCONF_DIR' => '\\xampp\\php'
    'REDIRECT_PHPRC' => '\\xampp\\php'
    'REDIRECT_TMP' => '\\xampp\\tmp'
    'REDIRECT_STATUS' => '200'
    'MIBDIRS' => 'F:/xampp/php/extras/mibs'
    'MYSQL_HOME' => '\\xampp\\mysql\\bin'
    'OPENSSL_CONF' => 'F:/xampp/apache/bin/openssl.cnf'
    'PHP_PEAR_SYSCONF_DIR' => '\\xampp\\php'
    'PHPRC' => '\\xampp\\php'
    'TMP' => '\\xampp\\tmp'
    'HTTP_HOST' => '192.168.100.213:8123'
    'HTTP_CONNECTION' => 'keep-alive'
    'HTTP_UPGRADE_INSECURE_REQUESTS' => '1'
    'HTTP_USER_AGENT' => 'Mozilla/5.0 (Windows NT 10.0; Win64; x64) AppleWebKit/537.36 (KHTML, like Gecko) Chrome/86.0.4240.75 Safari/537.36'
    'HTTP_ACCEPT' => 'text/html,application/xhtml+xml,application/xml;q=0.9,image/avif,image/webp,image/apng,*/*;q=0.8,application/signed-exchange;v=b3;q=0.9'
    'HTTP_REFERER' => 'http://192.168.100.213:8123/inlislite3/'
    'HTTP_ACCEPT_ENCODING' => 'gzip, deflate'
    'HTTP_ACCEPT_LANGUAGE' => 'en-US,en;q=0.9,id;q=0.8'
    'HTTP_COOKIE' => 'PHPSESSID=dag52qbjrtn40c1l5cgakccpmr; killme=dont; _csrf=a40f40c3dd7b3306df9b81b18b99038b72b2de37f3438c823066555b34240a92a%3A2%3A%7Bi%3A0%3Bs%3A5%3A%22_csrf%22%3Bi%3A1%3Bs%3A32%3A%22VQl_S1jeh9sd4V9Us00uCFMC3uUTLlI7%22%3B%7D; _backendInlislite=1132ac6aa45fa998cfa85f2becea281b17e1f9c089ad2405c9c3535840f48b04a%3A2%3A%7Bi%3A0%3Bs%3A17%3A%22_backendInlislite%22%3Bi%3A1%3Bs%3A32%3A%22GF3wDfRP2qj4Rk8KIMYrylnUxa5KMM6A%22%3B%7D; backendSession=c26i510vn2e6a090t4hpmi6hs4; _identity=af3e2a0e951dec577795a0c5ffd91cd682a11d709a13aa959f261807f7b4af33a%3A2%3A%7Bi%3A0%3Bs%3A9%3A%22_identity%22%3Bi%3A1%3Bs%3A17%3A%22%5B33%2Cnull%2C2592000%5D%22%3B%7D'
    'PATH' => 'C:\\ProgramData\\Oracle\\Java\\javapath;C:\\Windows\\system32;C:\\Windows;C:\\Windows\\System32\\Wbem;C:\\Windows\\System32\\WindowsPowerShell\\v1.0\\;C:\\eRaporSMK\\php;C:\\ProgramData\\ComposerSetup\\bin;C:\\Users\\smkdian\\AppData\\Roaming\\Composer\\vendor\\bin;C:\\Program Files\\Multipass\\bin'
    'SystemRoot' => 'C:\\Windows'
    'COMSPEC' => 'C:\\Windows\\system32\\cmd.exe'
    'PATHEXT' => '.COM;.EXE;.BAT;.CMD;.VBS;.VBE;.JS;.JSE;.WSF;.WSH;.MSC'
    'WINDIR' => 'C:\\Windows'
    'SERVER_SIGNATURE' => '<address>Apache/2.4.17 (Win32) OpenSSL/1.0.2d PHP/5.6.19 Server at 192.168.100.213 Port 8123</address>
'
    'SERVER_SOFTWARE' => 'Apache/2.4.17 (Win32) OpenSSL/1.0.2d PHP/5.6.19'
    'SERVER_NAME' => '192.168.100.213'
    'SERVER_ADDR' => '192.168.100.213'
    'SERVER_PORT' => '8123'
    'REMOTE_ADDR' => '192.168.100.70'
    'DOCUMENT_ROOT' => 'F:/xampp/htdocs'
    'REQUEST_SCHEME' => 'http'
    'CONTEXT_PREFIX' => ''
    'CONTEXT_DOCUMENT_ROOT' => 'F:/xampp/htdocs'
    'SERVER_ADMIN' => 'postmaster@localhost'
    'SCRIPT_FILENAME' => 'F:/xampp/htdocs/inlislite3/keanggotaan/index.php'
    'REMOTE_PORT' => '55035'
    'REDIRECT_URL' => 'http://192.168.100.213:8123/inlislite3/keanggotaan/site/login'
    'GATEWAY_INTERFACE' => 'CGI/1.1'
    'SERVER_PROTOCOL' => 'HTTP/1.1'
    'REQUEST_METHOD' => 'GET'
    'QUERY_STRING' => ''
    'REQUEST_URI' => '/inlislite3/keanggotaan/site/login'
    'SCRIPT_NAME' => '/inlislite3/keanggotaan/index.php'
    'PHP_SELF' => '/inlislite3/keanggotaan/index.php'
    'REQUEST_TIME_FLOAT' => 1612237621.055
    'REQUEST_TIME' => 1612237621
]
2021-02-03 12:04:25 [192.168.100.70][-][-][warning][yii\debug\Module::checkAccess] Access to debugger is denied due to IP address restriction. The requesting IP address is 192.168.100.70
    in F:\xampp\htdocs\inlislite3\keanggotaan\views\layouts\login.php:107
    in F:\xampp\htdocs\inlislite3\keanggotaan\controllers\SiteController.php:119
2021-02-03 12:04:25 [192.168.100.70][-][-][info][application] $_COOKIE = [
    'killme' => 'dont'
    'PHPSESSID' => 'brmb1cas68gu932hd3h1b5hrhs'
    '_backendInlislite' => '9523d048ed005d1b6dbb9a717115875a0760149b64da16ec2c7ab5b9a409e2d0a:2:{i:0;s:17:\"_backendInlislite\";i:1;s:32:\"wNZ2nThzLawtdulcmTpP5m0lx3UxDST6\";}'
    'backendSession' => 'ouj44gffqjc4pl9685c9grc8d4'
    'keanggotaanSession' => 'm573jru9m4n5h8rsoc8ekfpd01'
    '_LKDInlislite' => '919bdda7e9dc518996f1bafab99b2359777aebdb0dfab13748bf582d68183744a:2:{i:0;s:13:\"_LKDInlislite\";i:1;s:32:\"KL3I9ogxqd73vlGIcCIE5QXuJ_8nDSgk\";}'
    '_csrf' => '392397cb4d7334cb4ba1056263eb0e989b2838c1436af8c529b2a41517a44ba7a:2:{i:0;s:5:\"_csrf\";i:1;s:32:\"9sKMGO1A0EkryqlXM0QciQVDiGBz6y3v\";}'
]

$_SESSION = [
    '__flash' => []
    '__returnUrl' => '/inlislite3/digitalcollection/bookmark'
    'RiwayatPencarian' => [
        0 => [
            'ip' => '192.168.100.213'
            'url' => 'http://192.168.100.213:8123/inlislite3/digitalcollection/pencarian-sederhana?action=pencarianSederhana&katakunci=b&ruas=Judul&bahan=Semua+Format+File'
            'action' => 'pencarianSederhana'
            'keyword' => 'Judul = b'
            'bahan' => 'Semua Format File'
            'time' => '02-03-2021 11:53:40'
        ]
    ]
    'dataFacedAuthor' => []
    'dataFacedPublisher' => []
    'dataFacedPublishLocation' => []
    'dataFacedPublishYear' => []
    'dataFacedSubject' => []
    'dataFacedBahasa' => []
    'countSearch' => '0'
    'catID' => null
    'catIDmerge' => null
]

$_SERVER = [
    'REDIRECT_MIBDIRS' => 'F:/xampp/php/extras/mibs'
    'REDIRECT_MYSQL_HOME' => '\\xampp\\mysql\\bin'
    'REDIRECT_OPENSSL_CONF' => 'F:/xampp/apache/bin/openssl.cnf'
    'REDIRECT_PHP_PEAR_SYSCONF_DIR' => '\\xampp\\php'
    'REDIRECT_PHPRC' => '\\xampp\\php'
    'REDIRECT_TMP' => '\\xampp\\tmp'
    'REDIRECT_STATUS' => '200'
    'MIBDIRS' => 'F:/xampp/php/extras/mibs'
    'MYSQL_HOME' => '\\xampp\\mysql\\bin'
    'OPENSSL_CONF' => 'F:/xampp/apache/bin/openssl.cnf'
    'PHP_PEAR_SYSCONF_DIR' => '\\xampp\\php'
    'PHPRC' => '\\xampp\\php'
    'TMP' => '\\xampp\\tmp'
    'HTTP_HOST' => '192.168.100.213:8123'
    'HTTP_CONNECTION' => 'keep-alive'
    'HTTP_UPGRADE_INSECURE_REQUESTS' => '1'
    'HTTP_USER_AGENT' => 'Mozilla/5.0 (Windows NT 10.0; Win64; x64) AppleWebKit/537.36 (KHTML, like Gecko) Chrome/86.0.4240.75 Safari/537.36'
    'HTTP_ACCEPT' => 'text/html,application/xhtml+xml,application/xml;q=0.9,image/avif,image/webp,image/apng,*/*;q=0.8,application/signed-exchange;v=b3;q=0.9'
    'HTTP_REFERER' => 'http://192.168.100.213:8123/inlislite3/'
    'HTTP_ACCEPT_ENCODING' => 'gzip, deflate'
    'HTTP_ACCEPT_LANGUAGE' => 'en-US,en;q=0.9,id;q=0.8'
    'HTTP_COOKIE' => 'killme=dont; PHPSESSID=brmb1cas68gu932hd3h1b5hrhs; _backendInlislite=9523d048ed005d1b6dbb9a717115875a0760149b64da16ec2c7ab5b9a409e2d0a%3A2%3A%7Bi%3A0%3Bs%3A17%3A%22_backendInlislite%22%3Bi%3A1%3Bs%3A32%3A%22wNZ2nThzLawtdulcmTpP5m0lx3UxDST6%22%3B%7D; backendSession=ouj44gffqjc4pl9685c9grc8d4; keanggotaanSession=m573jru9m4n5h8rsoc8ekfpd01; _LKDInlislite=919bdda7e9dc518996f1bafab99b2359777aebdb0dfab13748bf582d68183744a%3A2%3A%7Bi%3A0%3Bs%3A13%3A%22_LKDInlislite%22%3Bi%3A1%3Bs%3A32%3A%22KL3I9ogxqd73vlGIcCIE5QXuJ_8nDSgk%22%3B%7D; _csrf=392397cb4d7334cb4ba1056263eb0e989b2838c1436af8c529b2a41517a44ba7a%3A2%3A%7Bi%3A0%3Bs%3A5%3A%22_csrf%22%3Bi%3A1%3Bs%3A32%3A%229sKMGO1A0EkryqlXM0QciQVDiGBz6y3v%22%3B%7D'
    'PATH' => 'C:\\ProgramData\\Oracle\\Java\\javapath;C:\\Windows\\system32;C:\\Windows;C:\\Windows\\System32\\Wbem;C:\\Windows\\System32\\WindowsPowerShell\\v1.0\\;C:\\eRaporSMK\\php;C:\\ProgramData\\ComposerSetup\\bin;C:\\Users\\smkdian\\AppData\\Roaming\\Composer\\vendor\\bin;C:\\Program Files\\Multipass\\bin'
    'SystemRoot' => 'C:\\Windows'
    'COMSPEC' => 'C:\\Windows\\system32\\cmd.exe'
    'PATHEXT' => '.COM;.EXE;.BAT;.CMD;.VBS;.VBE;.JS;.JSE;.WSF;.WSH;.MSC'
    'WINDIR' => 'C:\\Windows'
    'SERVER_SIGNATURE' => '<address>Apache/2.4.17 (Win32) OpenSSL/1.0.2d PHP/5.6.19 Server at 192.168.100.213 Port 8123</address>
'
    'SERVER_SOFTWARE' => 'Apache/2.4.17 (Win32) OpenSSL/1.0.2d PHP/5.6.19'
    'SERVER_NAME' => '192.168.100.213'
    'SERVER_ADDR' => '192.168.100.213'
    'SERVER_PORT' => '8123'
    'REMOTE_ADDR' => '192.168.100.70'
    'DOCUMENT_ROOT' => 'F:/xampp/htdocs'
    'REQUEST_SCHEME' => 'http'
    'CONTEXT_PREFIX' => ''
    'CONTEXT_DOCUMENT_ROOT' => 'F:/xampp/htdocs'
    'SERVER_ADMIN' => 'postmaster@localhost'
    'SCRIPT_FILENAME' => 'F:/xampp/htdocs/inlislite3/keanggotaan/index.php'
    'REMOTE_PORT' => '57865'
    'REDIRECT_URL' => 'http://192.168.100.213:8123/inlislite3/keanggotaan/site/login'
    'GATEWAY_INTERFACE' => 'CGI/1.1'
    'SERVER_PROTOCOL' => 'HTTP/1.1'
    'REQUEST_METHOD' => 'GET'
    'QUERY_STRING' => ''
    'REQUEST_URI' => '/inlislite3/keanggotaan/site/login'
    'SCRIPT_NAME' => '/inlislite3/keanggotaan/index.php'
    'PHP_SELF' => '/inlislite3/keanggotaan/index.php'
    'REQUEST_TIME_FLOAT' => 1612328665.503
    'REQUEST_TIME' => 1612328665
]
