2021-02-02 10:48:01 [192.168.100.70][-][-][warning][yii\debug\Module::checkAccess] Access to debugger is denied due to IP address restriction. The requesting IP address is 192.168.100.70
    in F:\xampp\htdocs\inlislite3\opac\views\layouts\main-sederhana.php:304
    in F:\xampp\htdocs\inlislite3\opac\controllers\SiteController.php:194
2021-02-02 10:48:00 [192.168.100.70][-][-][info][application] $_COOKIE = [
    'PHPSESSID' => 'dag52qbjrtn40c1l5cgakccpmr'
    'killme' => 'dont'
    '_csrf' => 'a40f40c3dd7b3306df9b81b18b99038b72b2de37f3438c823066555b34240a92a:2:{i:0;s:5:\"_csrf\";i:1;s:32:\"VQl_S1jeh9sd4V9Us00uCFMC3uUTLlI7\";}'
    '_backendInlislite' => '1132ac6aa45fa998cfa85f2becea281b17e1f9c089ad2405c9c3535840f48b04a:2:{i:0;s:17:\"_backendInlislite\";i:1;s:32:\"GF3wDfRP2qj4Rk8KIMYrylnUxa5KMM6A\";}'
    'backendSession' => 'c26i510vn2e6a090t4hpmi6hs4'
    '_identity' => 'af3e2a0e951dec577795a0c5ffd91cd682a11d709a13aa959f261807f7b4af33a:2:{i:0;s:9:\"_identity\";i:1;s:17:\"[33,null,2592000]\";}'
    'keanggotaanSession' => 'trv1gpevgv879i97aq3kvh1c05'
    '_keanggotaanInlislite' => '5d5495d518a9e91f112de721a4227f27886a534b03f398bb48b5bcd048babde0a:2:{i:0;s:21:\"_keanggotaanInlislite\";i:1;s:32:\"8IvfnRnNs8qfKjHozhf7PcEE317YjmCz\";}'
    'guestbook' => '9d979d6876fec9d61c2bd94e9fa26ce5e93bb126d69b01ad5c8f6b317c6a2895a:2:{i:0;s:9:\"guestbook\";i:1;s:32:\"3awWhc86MN980V9GHmvxGXie2HLhSxTP\";}'
    '_LKDInlislite' => '6588a4a0fe327e58e2ec4ffe8f3ef7a3b8d7cde05de175a3a3a3e3de9e171f03a:2:{i:0;s:13:\"_LKDInlislite\";i:1;s:32:\"KEbECVfJhtRlC6TaoALXDabBBSyRVS5j\";}'
]

$_SESSION = [
    '__flash' => []
    '__returnUrl' => '/inlislite3/opac/'
]

$_SERVER = [
    'MIBDIRS' => 'F:/xampp/php/extras/mibs'
    'MYSQL_HOME' => '\\xampp\\mysql\\bin'
    'OPENSSL_CONF' => 'F:/xampp/apache/bin/openssl.cnf'
    'PHP_PEAR_SYSCONF_DIR' => '\\xampp\\php'
    'PHPRC' => '\\xampp\\php'
    'TMP' => '\\xampp\\tmp'
    'HTTP_HOST' => '192.168.100.213:8123'
    'HTTP_CONNECTION' => 'keep-alive'
    'HTTP_UPGRADE_INSECURE_REQUESTS' => '1'
    'HTTP_USER_AGENT' => 'Mozilla/5.0 (Windows NT 10.0; Win64; x64) AppleWebKit/537.36 (KHTML, like Gecko) Chrome/86.0.4240.75 Safari/537.36'
    'HTTP_ACCEPT' => 'text/html,application/xhtml+xml,application/xml;q=0.9,image/avif,image/webp,image/apng,*/*;q=0.8,application/signed-exchange;v=b3;q=0.9'
    'HTTP_REFERER' => 'http://192.168.100.213:8123/inlislite3/'
    'HTTP_ACCEPT_ENCODING' => 'gzip, deflate'
    'HTTP_ACCEPT_LANGUAGE' => 'en-US,en;q=0.9,id;q=0.8'
    'HTTP_COOKIE' => 'PHPSESSID=dag52qbjrtn40c1l5cgakccpmr; killme=dont; _csrf=a40f40c3dd7b3306df9b81b18b99038b72b2de37f3438c823066555b34240a92a%3A2%3A%7Bi%3A0%3Bs%3A5%3A%22_csrf%22%3Bi%3A1%3Bs%3A32%3A%22VQl_S1jeh9sd4V9Us00uCFMC3uUTLlI7%22%3B%7D; _backendInlislite=1132ac6aa45fa998cfa85f2becea281b17e1f9c089ad2405c9c3535840f48b04a%3A2%3A%7Bi%3A0%3Bs%3A17%3A%22_backendInlislite%22%3Bi%3A1%3Bs%3A32%3A%22GF3wDfRP2qj4Rk8KIMYrylnUxa5KMM6A%22%3B%7D; backendSession=c26i510vn2e6a090t4hpmi6hs4; _identity=af3e2a0e951dec577795a0c5ffd91cd682a11d709a13aa959f261807f7b4af33a%3A2%3A%7Bi%3A0%3Bs%3A9%3A%22_identity%22%3Bi%3A1%3Bs%3A17%3A%22%5B33%2Cnull%2C2592000%5D%22%3B%7D; keanggotaanSession=trv1gpevgv879i97aq3kvh1c05; _keanggotaanInlislite=5d5495d518a9e91f112de721a4227f27886a534b03f398bb48b5bcd048babde0a%3A2%3A%7Bi%3A0%3Bs%3A21%3A%22_keanggotaanInlislite%22%3Bi%3A1%3Bs%3A32%3A%228IvfnRnNs8qfKjHozhf7PcEE317YjmCz%22%3B%7D; guestbook=9d979d6876fec9d61c2bd94e9fa26ce5e93bb126d69b01ad5c8f6b317c6a2895a%3A2%3A%7Bi%3A0%3Bs%3A9%3A%22guestbook%22%3Bi%3A1%3Bs%3A32%3A%223awWhc86MN980V9GHmvxGXie2HLhSxTP%22%3B%7D; _LKDInlislite=6588a4a0fe327e58e2ec4ffe8f3ef7a3b8d7cde05de175a3a3a3e3de9e171f03a%3A2%3A%7Bi%3A0%3Bs%3A13%3A%22_LKDInlislite%22%3Bi%3A1%3Bs%3A32%3A%22KEbECVfJhtRlC6TaoALXDabBBSyRVS5j%22%3B%7D'
    'PATH' => 'C:\\ProgramData\\Oracle\\Java\\javapath;C:\\Windows\\system32;C:\\Windows;C:\\Windows\\System32\\Wbem;C:\\Windows\\System32\\WindowsPowerShell\\v1.0\\;C:\\eRaporSMK\\php;C:\\ProgramData\\ComposerSetup\\bin;C:\\Users\\smkdian\\AppData\\Roaming\\Composer\\vendor\\bin;C:\\Program Files\\Multipass\\bin'
    'SystemRoot' => 'C:\\Windows'
    'COMSPEC' => 'C:\\Windows\\system32\\cmd.exe'
    'PATHEXT' => '.COM;.EXE;.BAT;.CMD;.VBS;.VBE;.JS;.JSE;.WSF;.WSH;.MSC'
    'WINDIR' => 'C:\\Windows'
    'SERVER_SIGNATURE' => '<address>Apache/2.4.17 (Win32) OpenSSL/1.0.2d PHP/5.6.19 Server at 192.168.100.213 Port 8123</address>
'
    'SERVER_SOFTWARE' => 'Apache/2.4.17 (Win32) OpenSSL/1.0.2d PHP/5.6.19'
    'SERVER_NAME' => '192.168.100.213'
    'SERVER_ADDR' => '192.168.100.213'
    'SERVER_PORT' => '8123'
    'REMOTE_ADDR' => '192.168.100.70'
    'DOCUMENT_ROOT' => 'F:/xampp/htdocs'
    'REQUEST_SCHEME' => 'http'
    'CONTEXT_PREFIX' => ''
    'CONTEXT_DOCUMENT_ROOT' => 'F:/xampp/htdocs'
    'SERVER_ADMIN' => 'postmaster@localhost'
    'SCRIPT_FILENAME' => 'F:/xampp/htdocs/inlislite3/opac/index.php'
    'REMOTE_PORT' => '55075'
    'GATEWAY_INTERFACE' => 'CGI/1.1'
    'SERVER_PROTOCOL' => 'HTTP/1.1'
    'REQUEST_METHOD' => 'GET'
    'QUERY_STRING' => ''
    'REQUEST_URI' => '/inlislite3/opac/'
    'SCRIPT_NAME' => '/inlislite3/opac/index.php'
    'PHP_SELF' => '/inlislite3/opac/index.php'
    'REQUEST_TIME_FLOAT' => 1612237680.058
    'REQUEST_TIME' => 1612237680
]
2021-02-02 10:48:04 [192.168.100.70][-][-][warning][yii\debug\Module::checkAccess] Access to debugger is denied due to IP address restriction. The requesting IP address is 192.168.100.70
    in F:\xampp\htdocs\inlislite3\opac\views\layouts\main-sederhana.php:304
    in F:\xampp\htdocs\inlislite3\opac\controllers\BookmarkController.php:451
2021-02-02 10:48:04 [192.168.100.70][-][-][info][application] $_COOKIE = [
    'PHPSESSID' => 'dag52qbjrtn40c1l5cgakccpmr'
    'killme' => 'dont'
    '_csrf' => 'a40f40c3dd7b3306df9b81b18b99038b72b2de37f3438c823066555b34240a92a:2:{i:0;s:5:\"_csrf\";i:1;s:32:\"VQl_S1jeh9sd4V9Us00uCFMC3uUTLlI7\";}'
    '_backendInlislite' => '1132ac6aa45fa998cfa85f2becea281b17e1f9c089ad2405c9c3535840f48b04a:2:{i:0;s:17:\"_backendInlislite\";i:1;s:32:\"GF3wDfRP2qj4Rk8KIMYrylnUxa5KMM6A\";}'
    'backendSession' => 'c26i510vn2e6a090t4hpmi6hs4'
    '_identity' => 'af3e2a0e951dec577795a0c5ffd91cd682a11d709a13aa959f261807f7b4af33a:2:{i:0;s:9:\"_identity\";i:1;s:17:\"[33,null,2592000]\";}'
    'keanggotaanSession' => 'trv1gpevgv879i97aq3kvh1c05'
    '_keanggotaanInlislite' => '5d5495d518a9e91f112de721a4227f27886a534b03f398bb48b5bcd048babde0a:2:{i:0;s:21:\"_keanggotaanInlislite\";i:1;s:32:\"8IvfnRnNs8qfKjHozhf7PcEE317YjmCz\";}'
    'guestbook' => '9d979d6876fec9d61c2bd94e9fa26ce5e93bb126d69b01ad5c8f6b317c6a2895a:2:{i:0;s:9:\"guestbook\";i:1;s:32:\"3awWhc86MN980V9GHmvxGXie2HLhSxTP\";}'
    '_LKDInlislite' => '6588a4a0fe327e58e2ec4ffe8f3ef7a3b8d7cde05de175a3a3a3e3de9e171f03a:2:{i:0;s:13:\"_LKDInlislite\";i:1;s:32:\"KEbECVfJhtRlC6TaoALXDabBBSyRVS5j\";}'
    '_OpacInlislite' => '9a67675080bf6771c0fdc9c3d8061cc35a1bc3533cf006cc6ef02836f5a065a1a:2:{i:0;s:14:\"_OpacInlislite\";i:1;s:32:\"q7Czmni8T0ieDzyraW8VVq4GgE5shANy\";}'
]

$_SESSION = [
    '__flash' => []
    '__returnUrl' => '/inlislite3/opac/bookmark'
]

$_SERVER = [
    'REDIRECT_MIBDIRS' => 'F:/xampp/php/extras/mibs'
    'REDIRECT_MYSQL_HOME' => '\\xampp\\mysql\\bin'
    'REDIRECT_OPENSSL_CONF' => 'F:/xampp/apache/bin/openssl.cnf'
    'REDIRECT_PHP_PEAR_SYSCONF_DIR' => '\\xampp\\php'
    'REDIRECT_PHPRC' => '\\xampp\\php'
    'REDIRECT_TMP' => '\\xampp\\tmp'
    'REDIRECT_STATUS' => '200'
    'MIBDIRS' => 'F:/xampp/php/extras/mibs'
    'MYSQL_HOME' => '\\xampp\\mysql\\bin'
    'OPENSSL_CONF' => 'F:/xampp/apache/bin/openssl.cnf'
    'PHP_PEAR_SYSCONF_DIR' => '\\xampp\\php'
    'PHPRC' => '\\xampp\\php'
    'TMP' => '\\xampp\\tmp'
    'HTTP_HOST' => '192.168.100.213:8123'
    'HTTP_CONNECTION' => 'keep-alive'
    'HTTP_UPGRADE_INSECURE_REQUESTS' => '1'
    'HTTP_USER_AGENT' => 'Mozilla/5.0 (Windows NT 10.0; Win64; x64) AppleWebKit/537.36 (KHTML, like Gecko) Chrome/86.0.4240.75 Safari/537.36'
    'HTTP_ACCEPT' => 'text/html,application/xhtml+xml,application/xml;q=0.9,image/avif,image/webp,image/apng,*/*;q=0.8,application/signed-exchange;v=b3;q=0.9'
    'HTTP_REFERER' => 'http://192.168.100.213:8123/inlislite3/opac/'
    'HTTP_ACCEPT_ENCODING' => 'gzip, deflate'
    'HTTP_ACCEPT_LANGUAGE' => 'en-US,en;q=0.9,id;q=0.8'
    'HTTP_COOKIE' => 'PHPSESSID=dag52qbjrtn40c1l5cgakccpmr; killme=dont; _csrf=a40f40c3dd7b3306df9b81b18b99038b72b2de37f3438c823066555b34240a92a%3A2%3A%7Bi%3A0%3Bs%3A5%3A%22_csrf%22%3Bi%3A1%3Bs%3A32%3A%22VQl_S1jeh9sd4V9Us00uCFMC3uUTLlI7%22%3B%7D; _backendInlislite=1132ac6aa45fa998cfa85f2becea281b17e1f9c089ad2405c9c3535840f48b04a%3A2%3A%7Bi%3A0%3Bs%3A17%3A%22_backendInlislite%22%3Bi%3A1%3Bs%3A32%3A%22GF3wDfRP2qj4Rk8KIMYrylnUxa5KMM6A%22%3B%7D; backendSession=c26i510vn2e6a090t4hpmi6hs4; _identity=af3e2a0e951dec577795a0c5ffd91cd682a11d709a13aa959f261807f7b4af33a%3A2%3A%7Bi%3A0%3Bs%3A9%3A%22_identity%22%3Bi%3A1%3Bs%3A17%3A%22%5B33%2Cnull%2C2592000%5D%22%3B%7D; keanggotaanSession=trv1gpevgv879i97aq3kvh1c05; _keanggotaanInlislite=5d5495d518a9e91f112de721a4227f27886a534b03f398bb48b5bcd048babde0a%3A2%3A%7Bi%3A0%3Bs%3A21%3A%22_keanggotaanInlislite%22%3Bi%3A1%3Bs%3A32%3A%228IvfnRnNs8qfKjHozhf7PcEE317YjmCz%22%3B%7D; guestbook=9d979d6876fec9d61c2bd94e9fa26ce5e93bb126d69b01ad5c8f6b317c6a2895a%3A2%3A%7Bi%3A0%3Bs%3A9%3A%22guestbook%22%3Bi%3A1%3Bs%3A32%3A%223awWhc86MN980V9GHmvxGXie2HLhSxTP%22%3B%7D; _LKDInlislite=6588a4a0fe327e58e2ec4ffe8f3ef7a3b8d7cde05de175a3a3a3e3de9e171f03a%3A2%3A%7Bi%3A0%3Bs%3A13%3A%22_LKDInlislite%22%3Bi%3A1%3Bs%3A32%3A%22KEbECVfJhtRlC6TaoALXDabBBSyRVS5j%22%3B%7D; _OpacInlislite=9a67675080bf6771c0fdc9c3d8061cc35a1bc3533cf006cc6ef02836f5a065a1a%3A2%3A%7Bi%3A0%3Bs%3A14%3A%22_OpacInlislite%22%3Bi%3A1%3Bs%3A32%3A%22q7Czmni8T0ieDzyraW8VVq4GgE5shANy%22%3B%7D'
    'PATH' => 'C:\\ProgramData\\Oracle\\Java\\javapath;C:\\Windows\\system32;C:\\Windows;C:\\Windows\\System32\\Wbem;C:\\Windows\\System32\\WindowsPowerShell\\v1.0\\;C:\\eRaporSMK\\php;C:\\ProgramData\\ComposerSetup\\bin;C:\\Users\\smkdian\\AppData\\Roaming\\Composer\\vendor\\bin;C:\\Program Files\\Multipass\\bin'
    'SystemRoot' => 'C:\\Windows'
    'COMSPEC' => 'C:\\Windows\\system32\\cmd.exe'
    'PATHEXT' => '.COM;.EXE;.BAT;.CMD;.VBS;.VBE;.JS;.JSE;.WSF;.WSH;.MSC'
    'WINDIR' => 'C:\\Windows'
    'SERVER_SIGNATURE' => '<address>Apache/2.4.17 (Win32) OpenSSL/1.0.2d PHP/5.6.19 Server at 192.168.100.213 Port 8123</address>
'
    'SERVER_SOFTWARE' => 'Apache/2.4.17 (Win32) OpenSSL/1.0.2d PHP/5.6.19'
    'SERVER_NAME' => '192.168.100.213'
    'SERVER_ADDR' => '192.168.100.213'
    'SERVER_PORT' => '8123'
    'REMOTE_ADDR' => '192.168.100.70'
    'DOCUMENT_ROOT' => 'F:/xampp/htdocs'
    'REQUEST_SCHEME' => 'http'
    'CONTEXT_PREFIX' => ''
    'CONTEXT_DOCUMENT_ROOT' => 'F:/xampp/htdocs'
    'SERVER_ADMIN' => 'postmaster@localhost'
    'SCRIPT_FILENAME' => 'F:/xampp/htdocs/inlislite3/opac/index.php'
    'REMOTE_PORT' => '55077'
    'REDIRECT_URL' => 'http://192.168.100.213:8123/inlislite3/opac/bookmark'
    'GATEWAY_INTERFACE' => 'CGI/1.1'
    'SERVER_PROTOCOL' => 'HTTP/1.1'
    'REQUEST_METHOD' => 'GET'
    'QUERY_STRING' => ''
    'REQUEST_URI' => '/inlislite3/opac/bookmark'
    'SCRIPT_NAME' => '/inlislite3/opac/index.php'
    'PHP_SELF' => '/inlislite3/opac/index.php'
    'REQUEST_TIME_FLOAT' => 1612237684.593
    'REQUEST_TIME' => 1612237684
]
2021-02-02 10:48:05 [192.168.100.70][-][-][warning][yii\debug\Module::checkAccess] Access to debugger is denied due to IP address restriction. The requesting IP address is 192.168.100.70
    in F:\xampp\htdocs\inlislite3\opac\views\layouts\main-sederhana.php:304
    in F:\xampp\htdocs\inlislite3\opac\controllers\BookmarkController.php:451
2021-02-02 10:48:05 [192.168.100.70][-][-][info][application] $_COOKIE = [
    'PHPSESSID' => 'dag52qbjrtn40c1l5cgakccpmr'
    'killme' => 'dont'
    '_csrf' => 'a40f40c3dd7b3306df9b81b18b99038b72b2de37f3438c823066555b34240a92a:2:{i:0;s:5:\"_csrf\";i:1;s:32:\"VQl_S1jeh9sd4V9Us00uCFMC3uUTLlI7\";}'
    '_backendInlislite' => '1132ac6aa45fa998cfa85f2becea281b17e1f9c089ad2405c9c3535840f48b04a:2:{i:0;s:17:\"_backendInlislite\";i:1;s:32:\"GF3wDfRP2qj4Rk8KIMYrylnUxa5KMM6A\";}'
    'backendSession' => 'c26i510vn2e6a090t4hpmi6hs4'
    '_identity' => 'af3e2a0e951dec577795a0c5ffd91cd682a11d709a13aa959f261807f7b4af33a:2:{i:0;s:9:\"_identity\";i:1;s:17:\"[33,null,2592000]\";}'
    'keanggotaanSession' => 'trv1gpevgv879i97aq3kvh1c05'
    '_keanggotaanInlislite' => '5d5495d518a9e91f112de721a4227f27886a534b03f398bb48b5bcd048babde0a:2:{i:0;s:21:\"_keanggotaanInlislite\";i:1;s:32:\"8IvfnRnNs8qfKjHozhf7PcEE317YjmCz\";}'
    'guestbook' => '9d979d6876fec9d61c2bd94e9fa26ce5e93bb126d69b01ad5c8f6b317c6a2895a:2:{i:0;s:9:\"guestbook\";i:1;s:32:\"3awWhc86MN980V9GHmvxGXie2HLhSxTP\";}'
    '_LKDInlislite' => '6588a4a0fe327e58e2ec4ffe8f3ef7a3b8d7cde05de175a3a3a3e3de9e171f03a:2:{i:0;s:13:\"_LKDInlislite\";i:1;s:32:\"KEbECVfJhtRlC6TaoALXDabBBSyRVS5j\";}'
    '_OpacInlislite' => '9a67675080bf6771c0fdc9c3d8061cc35a1bc3533cf006cc6ef02836f5a065a1a:2:{i:0;s:14:\"_OpacInlislite\";i:1;s:32:\"q7Czmni8T0ieDzyraW8VVq4GgE5shANy\";}'
]

$_SESSION = [
    '__flash' => []
    '__returnUrl' => '/inlislite3/opac/bookmark'
]

$_SERVER = [
    'REDIRECT_MIBDIRS' => 'F:/xampp/php/extras/mibs'
    'REDIRECT_MYSQL_HOME' => '\\xampp\\mysql\\bin'
    'REDIRECT_OPENSSL_CONF' => 'F:/xampp/apache/bin/openssl.cnf'
    'REDIRECT_PHP_PEAR_SYSCONF_DIR' => '\\xampp\\php'
    'REDIRECT_PHPRC' => '\\xampp\\php'
    'REDIRECT_TMP' => '\\xampp\\tmp'
    'REDIRECT_STATUS' => '200'
    'MIBDIRS' => 'F:/xampp/php/extras/mibs'
    'MYSQL_HOME' => '\\xampp\\mysql\\bin'
    'OPENSSL_CONF' => 'F:/xampp/apache/bin/openssl.cnf'
    'PHP_PEAR_SYSCONF_DIR' => '\\xampp\\php'
    'PHPRC' => '\\xampp\\php'
    'TMP' => '\\xampp\\tmp'
    'HTTP_HOST' => '192.168.100.213:8123'
    'HTTP_CONNECTION' => 'keep-alive'
    'HTTP_UPGRADE_INSECURE_REQUESTS' => '1'
    'HTTP_USER_AGENT' => 'Mozilla/5.0 (Windows NT 10.0; Win64; x64) AppleWebKit/537.36 (KHTML, like Gecko) Chrome/86.0.4240.75 Safari/537.36'
    'HTTP_ACCEPT' => 'text/html,application/xhtml+xml,application/xml;q=0.9,image/avif,image/webp,image/apng,*/*;q=0.8,application/signed-exchange;v=b3;q=0.9'
    'HTTP_REFERER' => 'http://192.168.100.213:8123/inlislite3/opac/bookmark'
    'HTTP_ACCEPT_ENCODING' => 'gzip, deflate'
    'HTTP_ACCEPT_LANGUAGE' => 'en-US,en;q=0.9,id;q=0.8'
    'HTTP_COOKIE' => 'PHPSESSID=dag52qbjrtn40c1l5cgakccpmr; killme=dont; _csrf=a40f40c3dd7b3306df9b81b18b99038b72b2de37f3438c823066555b34240a92a%3A2%3A%7Bi%3A0%3Bs%3A5%3A%22_csrf%22%3Bi%3A1%3Bs%3A32%3A%22VQl_S1jeh9sd4V9Us00uCFMC3uUTLlI7%22%3B%7D; _backendInlislite=1132ac6aa45fa998cfa85f2becea281b17e1f9c089ad2405c9c3535840f48b04a%3A2%3A%7Bi%3A0%3Bs%3A17%3A%22_backendInlislite%22%3Bi%3A1%3Bs%3A32%3A%22GF3wDfRP2qj4Rk8KIMYrylnUxa5KMM6A%22%3B%7D; backendSession=c26i510vn2e6a090t4hpmi6hs4; _identity=af3e2a0e951dec577795a0c5ffd91cd682a11d709a13aa959f261807f7b4af33a%3A2%3A%7Bi%3A0%3Bs%3A9%3A%22_identity%22%3Bi%3A1%3Bs%3A17%3A%22%5B33%2Cnull%2C2592000%5D%22%3B%7D; keanggotaanSession=trv1gpevgv879i97aq3kvh1c05; _keanggotaanInlislite=5d5495d518a9e91f112de721a4227f27886a534b03f398bb48b5bcd048babde0a%3A2%3A%7Bi%3A0%3Bs%3A21%3A%22_keanggotaanInlislite%22%3Bi%3A1%3Bs%3A32%3A%228IvfnRnNs8qfKjHozhf7PcEE317YjmCz%22%3B%7D; guestbook=9d979d6876fec9d61c2bd94e9fa26ce5e93bb126d69b01ad5c8f6b317c6a2895a%3A2%3A%7Bi%3A0%3Bs%3A9%3A%22guestbook%22%3Bi%3A1%3Bs%3A32%3A%223awWhc86MN980V9GHmvxGXie2HLhSxTP%22%3B%7D; _LKDInlislite=6588a4a0fe327e58e2ec4ffe8f3ef7a3b8d7cde05de175a3a3a3e3de9e171f03a%3A2%3A%7Bi%3A0%3Bs%3A13%3A%22_LKDInlislite%22%3Bi%3A1%3Bs%3A32%3A%22KEbECVfJhtRlC6TaoALXDabBBSyRVS5j%22%3B%7D; _OpacInlislite=9a67675080bf6771c0fdc9c3d8061cc35a1bc3533cf006cc6ef02836f5a065a1a%3A2%3A%7Bi%3A0%3Bs%3A14%3A%22_OpacInlislite%22%3Bi%3A1%3Bs%3A32%3A%22q7Czmni8T0ieDzyraW8VVq4GgE5shANy%22%3B%7D'
    'PATH' => 'C:\\ProgramData\\Oracle\\Java\\javapath;C:\\Windows\\system32;C:\\Windows;C:\\Windows\\System32\\Wbem;C:\\Windows\\System32\\WindowsPowerShell\\v1.0\\;C:\\eRaporSMK\\php;C:\\ProgramData\\ComposerSetup\\bin;C:\\Users\\smkdian\\AppData\\Roaming\\Composer\\vendor\\bin;C:\\Program Files\\Multipass\\bin'
    'SystemRoot' => 'C:\\Windows'
    'COMSPEC' => 'C:\\Windows\\system32\\cmd.exe'
    'PATHEXT' => '.COM;.EXE;.BAT;.CMD;.VBS;.VBE;.JS;.JSE;.WSF;.WSH;.MSC'
    'WINDIR' => 'C:\\Windows'
    'SERVER_SIGNATURE' => '<address>Apache/2.4.17 (Win32) OpenSSL/1.0.2d PHP/5.6.19 Server at 192.168.100.213 Port 8123</address>
'
    'SERVER_SOFTWARE' => 'Apache/2.4.17 (Win32) OpenSSL/1.0.2d PHP/5.6.19'
    'SERVER_NAME' => '192.168.100.213'
    'SERVER_ADDR' => '192.168.100.213'
    'SERVER_PORT' => '8123'
    'REMOTE_ADDR' => '192.168.100.70'
    'DOCUMENT_ROOT' => 'F:/xampp/htdocs'
    'REQUEST_SCHEME' => 'http'
    'CONTEXT_PREFIX' => ''
    'CONTEXT_DOCUMENT_ROOT' => 'F:/xampp/htdocs'
    'SERVER_ADMIN' => 'postmaster@localhost'
    'SCRIPT_FILENAME' => 'F:/xampp/htdocs/inlislite3/opac/index.php'
    'REMOTE_PORT' => '55077'
    'REDIRECT_URL' => 'http://192.168.100.213:8123/inlislite3/opac/bookmark'
    'GATEWAY_INTERFACE' => 'CGI/1.1'
    'SERVER_PROTOCOL' => 'HTTP/1.1'
    'REQUEST_METHOD' => 'GET'
    'QUERY_STRING' => ''
    'REQUEST_URI' => '/inlislite3/opac/bookmark'
    'SCRIPT_NAME' => '/inlislite3/opac/index.php'
    'PHP_SELF' => '/inlislite3/opac/index.php'
    'REQUEST_TIME_FLOAT' => 1612237685.11
    'REQUEST_TIME' => 1612237685
]
